0 info it worked if it ends with ok
1 verbose cli [ '/Users/jeff/.nvm/versions/node/v6.9.1/bin/node',
1 verbose cli   '/Users/jeff/.nvm/versions/node/v6.9.1/bin/npm',
1 verbose cli   'start' ]
2 info using npm@3.10.8
3 info using node@v6.9.1
4 verbose run-script [ 'prestart', 'start', 'poststart' ]
5 info lifecycle helloworld@0.1.0~prestart: helloworld@0.1.0
6 silly lifecycle helloworld@0.1.0~prestart: no script for prestart, continuing
7 info lifecycle helloworld@0.1.0~start: helloworld@0.1.0
8 verbose lifecycle helloworld@0.1.0~start: unsafe-perm in lifecycle true
9 verbose lifecycle helloworld@0.1.0~start: PATH: /Users/jeff/.nvm/versions/node/v6.9.1/lib/node_modules/npm/bin/node-gyp-bin:/Developer/code/kracken-example/HelloWorld/node_modules/.bin:/Users/jeff/.nvm/versions/node/v6.9.1/bin:/Users/jeff/.rvm/gems/ruby-1.9.3-p448/bin:/Users/jeff/.rvm/gems/ruby-1.9.3-p448@global/bin:/Users/jeff/.rvm/rubies/ruby-1.9.3-p448/bin:/Users/jeff/.rvm/bin:/opt/local/bin:/opt/local/sbin:/Applications/android-sdk-macosx/platform-tools:/Applications/android-sdk-macosx/tools:/Library/Frameworks/GDAL.framework/Programs:/usr/local/Cellar/gradle/2.0:/Users/jeff/springsource/grails-1.3.7/bin:/usr/local/mysql/bin/:/Users/jeff/ElasticLoadBalancing-1.0.35.0/bin:/Users/jeff/ec2-api-tools-1.7.5.0/bin:/usr/local/bin:/usr/bin:/bin:/usr/sbin:/sbin:/opt/X11/bin:/Applications/Genymotion Shell.app/Contents/MacOS/:/Applications/Genymotion.app/Contents/MacOS/
10 verbose lifecycle helloworld@0.1.0~start: CWD: /Developer/code/kracken-example/HelloWorld
11 silly lifecycle helloworld@0.1.0~start: Args: [ '-c', 'node server.js' ]
12 silly lifecycle helloworld@0.1.0~start: Returned: code: 1  signal: null
13 info lifecycle helloworld@0.1.0~start: Failed to exec start script
14 verbose stack Error: helloworld@0.1.0 start: `node server.js`
14 verbose stack Exit status 1
14 verbose stack     at EventEmitter.<anonymous> (/Users/jeff/.nvm/versions/node/v6.9.1/lib/node_modules/npm/lib/utils/lifecycle.js:255:16)
14 verbose stack     at emitTwo (events.js:106:13)
14 verbose stack     at EventEmitter.emit (events.js:191:7)
14 verbose stack     at ChildProcess.<anonymous> (/Users/jeff/.nvm/versions/node/v6.9.1/lib/node_modules/npm/lib/utils/spawn.js:40:14)
14 verbose stack     at emitTwo (events.js:106:13)
14 verbose stack     at ChildProcess.emit (events.js:191:7)
14 verbose stack     at maybeClose (internal/child_process.js:877:16)
14 verbose stack     at Process.ChildProcess._handle.onexit (internal/child_process.js:226:5)
15 verbose pkgid helloworld@0.1.0
16 verbose cwd /Developer/code/kracken-example/HelloWorld
17 error Darwin 15.6.0
18 error argv "/Users/jeff/.nvm/versions/node/v6.9.1/bin/node" "/Users/jeff/.nvm/versions/node/v6.9.1/bin/npm" "start"
19 error node v6.9.1
20 error npm  v3.10.8
21 error code ELIFECYCLE
22 error helloworld@0.1.0 start: `node server.js`
22 error Exit status 1
23 error Failed at the helloworld@0.1.0 start script 'node server.js'.
23 error Make sure you have the latest version of node.js and npm installed.
23 error If you do, this is most likely a problem with the helloworld package,
23 error not with npm itself.
23 error Tell the author that this fails on your system:
23 error     node server.js
23 error You can get information on how to open an issue for this project with:
23 error     npm bugs helloworld
23 error Or if that isn't available, you can get their info via:
23 error     npm owner ls helloworld
23 error There is likely additional logging output above.
24 verbose exit [ 1, true ]
